0 info it worked if it ends with ok
1 verbose cli [ 'C:\\Program Files\\nodejs\\node.exe',
1 verbose cli   'C:\\Program Files\\nodejs\\node_modules\\npm\\bin\\npm-cli.js',
1 verbose cli   'install',
1 verbose cli   '--save',
1 verbose cli   'bcrypt' ]
2 info using npm@2.14.20
3 info using node@v4.4.0
4 verbose install initial load of C:\Users\Ecriyliz\Documents\GitHub\devMountain\dailyProjs\projects\precourse-tracker\package.json
5 verbose installManyTop reading scoped package data from C:\Users\Ecriyliz\Documents\GitHub\devMountain\dailyProjs\projects\precourse-tracker\node_modules\body-parser\package.json
6 verbose installManyTop reading scoped package data from C:\Users\Ecriyliz\Documents\GitHub\devMountain\dailyProjs\projects\precourse-tracker\node_modules\cors\package.json
7 verbose installManyTop reading scoped package data from C:\Users\Ecriyliz\Documents\GitHub\devMountain\dailyProjs\projects\precourse-tracker\node_modules\express\package.json
8 verbose installManyTop reading scoped package data from C:\Users\Ecriyliz\Documents\GitHub\devMountain\dailyProjs\projects\precourse-tracker\node_modules\express-session\package.json
9 verbose installManyTop reading scoped package data from C:\Users\Ecriyliz\Documents\GitHub\devMountain\dailyProjs\projects\precourse-tracker\node_modules\gulp\package.json
10 verbose installManyTop reading scoped package data from C:\Users\Ecriyliz\Documents\GitHub\devMountain\dailyProjs\projects\precourse-tracker\node_modules\gulp-concat\package.json
11 verbose installManyTop reading scoped package data from C:\Users\Ecriyliz\Documents\GitHub\devMountain\dailyProjs\projects\precourse-tracker\node_modules\gulp-ng-annotate\package.json
12 verbose installManyTop reading scoped package data from C:\Users\Ecriyliz\Documents\GitHub\devMountain\dailyProjs\projects\precourse-tracker\node_modules\gulp-sass\package.json
13 verbose installManyTop reading scoped package data from C:\Users\Ecriyliz\Documents\GitHub\devMountain\dailyProjs\projects\precourse-tracker\node_modules\gulp-strip-code\package.json
14 verbose installManyTop reading scoped package data from C:\Users\Ecriyliz\Documents\GitHub\devMountain\dailyProjs\projects\precourse-tracker\node_modules\gulp-uglifycss\package.json
15 verbose installManyTop reading scoped package data from C:\Users\Ecriyliz\Documents\GitHub\devMountain\dailyProjs\projects\precourse-tracker\node_modules\mongoose\package.json
16 verbose installManyTop reading scoped package data from C:\Users\Ecriyliz\Documents\GitHub\devMountain\dailyProjs\projects\precourse-tracker\node_modules\ng-webworker\package.json
17 verbose installManyTop reading scoped package data from C:\Users\Ecriyliz\Documents\GitHub\devMountain\dailyProjs\projects\precourse-tracker\node_modules\passport\package.json
18 verbose installManyTop reading scoped package data from C:\Users\Ecriyliz\Documents\GitHub\devMountain\dailyProjs\projects\precourse-tracker\node_modules\passport-local\package.json
19 verbose installManyTop reading scoped package data from C:\Users\Ecriyliz\Documents\GitHub\devMountain\dailyProjs\projects\precourse-tracker\node_modules\underscore\package.json
20 info package.json passport-local@1.0.0 No license field.
21 verbose readDependencies loading dependencies from C:\Users\Ecriyliz\Documents\GitHub\devMountain\dailyProjs\projects\precourse-tracker\package.json
22 silly cache add args [ 'bcrypt@^0.8.5', null ]
23 verbose cache add spec bcrypt@^0.8.5
24 silly cache add parsed spec Result {
24 silly cache add   raw: 'bcrypt@^0.8.5',
24 silly cache add   scope: null,
24 silly cache add   name: 'bcrypt',
24 silly cache add   rawSpec: '^0.8.5',
24 silly cache add   spec: '>=0.8.5 <0.9.0',
24 silly cache add   type: 'range' }
25 silly addNamed bcrypt@>=0.8.5 <0.9.0
26 verbose addNamed ">=0.8.5 <0.9.0" is a valid semver range for bcrypt
27 silly addNameRange { name: 'bcrypt', range: '>=0.8.5 <0.9.0', hasData: false }
28 silly mapToRegistry name bcrypt
29 silly mapToRegistry using default registry
30 silly mapToRegistry registry https://registry.npmjs.org/
31 silly mapToRegistry uri https://registry.npmjs.org/bcrypt
32 verbose addNameRange registry:https://registry.npmjs.org/bcrypt not in flight; fetching
33 verbose request uri https://registry.npmjs.org/bcrypt
34 verbose request no auth needed
35 info attempt registry request try #1 at 3:57:49 PM
36 verbose request id a6e2bf6493145c76
37 verbose etag "7RMXQLSEXE3P9IGR1DBZM8NQZ"
38 http request GET https://registry.npmjs.org/bcrypt
39 http 304 https://registry.npmjs.org/bcrypt
40 verbose headers { date: 'Thu, 21 Apr 2016 21:57:50 GMT',
40 verbose headers   via: '1.1 varnish',
40 verbose headers   'cache-control': 'max-age=300',
40 verbose headers   etag: '"7RMXQLSEXE3P9IGR1DBZM8NQZ"',
40 verbose headers   age: '5',
40 verbose headers   connection: 'keep-alive',
40 verbose headers   'x-served-by': 'cache-ord1746-ORD',
40 verbose headers   'x-cache': 'HIT',
40 verbose headers   'x-cache-hits': '1',
40 verbose headers   'x-timer': 'S1461275870.542357,VS0,VE0',
40 verbose headers   vary: 'Accept-Encoding' }
41 silly get cb [ 304,
41 silly get   { date: 'Thu, 21 Apr 2016 21:57:50 GMT',
41 silly get     via: '1.1 varnish',
41 silly get     'cache-control': 'max-age=300',
41 silly get     etag: '"7RMXQLSEXE3P9IGR1DBZM8NQZ"',
41 silly get     age: '5',
41 silly get     connection: 'keep-alive',
41 silly get     'x-served-by': 'cache-ord1746-ORD',
41 silly get     'x-cache': 'HIT',
41 silly get     'x-cache-hits': '1',
41 silly get     'x-timer': 'S1461275870.542357,VS0,VE0',
41 silly get     vary: 'Accept-Encoding' } ]
42 verbose etag https://registry.npmjs.org/bcrypt from cache
43 verbose get saving bcrypt to C:\Users\Ecriyliz\AppData\Roaming\npm-cache\registry.npmjs.org\bcrypt\.cache.json
44 verbose correctMkdir C:\Users\Ecriyliz\AppData\Roaming\npm-cache correctMkdir not in flight; initializing
45 silly addNameRange number 2 { name: 'bcrypt', range: '>=0.8.5 <0.9.0', hasData: true }
46 silly addNameRange versions [ 'bcrypt',
46 silly addNameRange   [ '0.1.2',
46 silly addNameRange     '0.2.0',
46 silly addNameRange     '0.2.1',
46 silly addNameRange     '0.1.3',
46 silly addNameRange     '0.2.2',
46 silly addNameRange     '0.2.3',
46 silly addNameRange     '0.2.4',
46 silly addNameRange     '0.3.0',
46 silly addNameRange     '0.3.1',
46 silly addNameRange     '0.3.2',
46 silly addNameRange     '0.4.0',
46 silly addNameRange     '0.4.1',
46 silly addNameRange     '0.5.0',
46 silly addNameRange     '0.6.0',
46 silly addNameRange     '0.7.0',
46 silly addNameRange     '0.7.1',
46 silly addNameRange     '0.7.2',
46 silly addNameRange     '0.7.3',
46 silly addNameRange     '0.7.4',
46 silly addNameRange     '0.7.5',
46 silly addNameRange     '0.7.6',
46 silly addNameRange     '0.7.7',
46 silly addNameRange     '0.7.8',
46 silly addNameRange     '0.8.0',
46 silly addNameRange     '0.8.1',
46 silly addNameRange     '0.8.2',
46 silly addNameRange     '0.8.3',
46 silly addNameRange     '0.8.4',
46 silly addNameRange     '0.8.5',
46 silly addNameRange     '0.8.6' ] ]
47 silly addNamed bcrypt@0.8.6
48 verbose addNamed "0.8.6" is a plain semver version for bcrypt
49 silly cache afterAdd bcrypt@0.8.6
50 verbose afterAdd C:\Users\Ecriyliz\AppData\Roaming\npm-cache\bcrypt\0.8.6\package\package.json not in flight; writing
51 verbose correctMkdir C:\Users\Ecriyliz\AppData\Roaming\npm-cache correctMkdir not in flight; initializing
52 verbose afterAdd C:\Users\Ecriyliz\AppData\Roaming\npm-cache\bcrypt\0.8.6\package\package.json written
53 silly install resolved [ { name: 'bcrypt',
53 silly install resolved     description: 'A bcrypt library for NodeJS.',
53 silly install resolved     keywords:
53 silly install resolved      [ 'bcrypt',
53 silly install resolved        'password',
53 silly install resolved        'auth',
53 silly install resolved        'authentication',
53 silly install resolved        'encryption',
53 silly install resolved        'crypt',
53 silly install resolved        'crypto' ],
53 silly install resolved     main: './bcrypt',
53 silly install resolved     version: '0.8.6',
53 silly install resolved     author: { name: 'Nick Campbell', url: 'https://github.com/ncb000gt' },
53 silly install resolved     engines: { node: '>= 0.6.0' },
53 silly install resolved     repository:
53 silly install resolved      { type: 'git',
53 silly install resolved        url: 'git+https://github.com/ncb000gt/node.bcrypt.js.git' },
53 silly install resolved     license: 'MIT',
53 silly install resolved     bugs: { url: 'https://github.com/ncb000gt/node.bcrypt.js/issues' },
53 silly install resolved     scripts:
53 silly install resolved      { test: 'node-gyp configure build && nodeunit test',
53 silly install resolved        install: 'node-gyp rebuild' },
53 silly install resolved     dependencies: { bindings: '1.2.1', nan: '2.2.1' },
53 silly install resolved     devDependencies: { nodeunit: '~0.9.1' },
53 silly install resolved     contributors:
53 silly install resolved      [ [Object],
53 silly install resolved        [Object],
53 silly install resolved        [Object],
53 silly install resolved        [Object],
53 silly install resolved        [Object],
53 silly install resolved        [Object],
53 silly install resolved        [Object],
53 silly install resolved        [Object],
53 silly install resolved        [Object],
53 silly install resolved        [Object],
53 silly install resolved        [Object],
53 silly install resolved        [Object],
53 silly install resolved        [Object],
53 silly install resolved        [Object] ],
53 silly install resolved     gypfile: true,
53 silly install resolved     gitHead: '10f0f99232cea96446e95bf128f718b87aec3237',
53 silly install resolved     homepage: 'https://github.com/ncb000gt/node.bcrypt.js#readme',
53 silly install resolved     _id: 'bcrypt@0.8.6',
53 silly install resolved     _shasum: '182164f7d5e1de94ddd797473efd48b57b1f04b4',
53 silly install resolved     _from: 'bcrypt@>=0.8.5 <0.9.0',
53 silly install resolved     _npmVersion: '3.8.3',
53 silly install resolved     _nodeVersion: '5.10.1',
53 silly install resolved     _npmUser: { name: 'defunctzombie', email: 'shtylman@gmail.com' },
53 silly install resolved     dist:
53 silly install resolved      { shasum: '182164f7d5e1de94ddd797473efd48b57b1f04b4',
53 silly install resolved        tarball: 'https://registry.npmjs.org/bcrypt/-/bcrypt-0.8.6.tgz' },
53 silly install resolved     maintainers: [ [Object], [Object], [Object], [Object] ],
53 silly install resolved     _npmOperationalInternal:
53 silly install resolved      { host: 'packages-12-west.internal.npmjs.com',
53 silly install resolved        tmp: 'tmp/bcrypt-0.8.6.tgz_1461200578042_0.6844706872943789' },
53 silly install resolved     directories: {},
53 silly install resolved     _resolved: 'https://registry.npmjs.org/bcrypt/-/bcrypt-0.8.6.tgz',
53 silly install resolved     readme: 'ERROR: No README data found!' } ]
54 info install bcrypt@0.8.6 into C:\Users\Ecriyliz\Documents\GitHub\devMountain\dailyProjs\projects\precourse-tracker
55 info installOne bcrypt@0.8.6
56 verbose installOne of bcrypt to C:\Users\Ecriyliz\Documents\GitHub\devMountain\dailyProjs\projects\precourse-tracker not in flight; installing
57 verbose correctMkdir C:\Users\Ecriyliz\AppData\Roaming\npm-cache\_locks correctMkdir not in flight; initializing
58 verbose lock using C:\Users\Ecriyliz\AppData\Roaming\npm-cache\_locks\bcrypt-e547ebc1279dd07b.lock for C:\Users\Ecriyliz\Documents\GitHub\devMountain\dailyProjs\projects\precourse-tracker\node_modules\bcrypt
59 silly install write writing bcrypt 0.8.6 to C:\Users\Ecriyliz\Documents\GitHub\devMountain\dailyProjs\projects\precourse-tracker\node_modules\bcrypt
60 verbose unbuild node_modules\bcrypt
61 silly gentlyRm C:\Users\Ecriyliz\Documents\GitHub\devMountain\dailyProjs\projects\precourse-tracker\node_modules\bcrypt is being purged from base C:\Users\Ecriyliz\Documents\GitHub\devMountain\dailyProjs\projects\precourse-tracker
62 verbose gentlyRm don't care about contents; nuking C:\Users\Ecriyliz\Documents\GitHub\devMountain\dailyProjs\projects\precourse-tracker\node_modules\bcrypt
63 verbose tar unpack C:\Users\Ecriyliz\AppData\Roaming\npm-cache\bcrypt\0.8.6\package.tgz
64 verbose tar unpacking to C:\Users\Ecriyliz\Documents\GitHub\devMountain\dailyProjs\projects\precourse-tracker\node_modules\bcrypt
65 silly gentlyRm C:\Users\Ecriyliz\Documents\GitHub\devMountain\dailyProjs\projects\precourse-tracker\node_modules\bcrypt is being purged
66 verbose gentlyRm don't care about contents; nuking C:\Users\Ecriyliz\Documents\GitHub\devMountain\dailyProjs\projects\precourse-tracker\node_modules\bcrypt
67 silly gunzTarPerm modes [ '777', '666' ]
68 silly gunzTarPerm extractEntry package.json
69 silly gunzTarPerm modified mode [ 'package.json', 420, 438 ]
70 silly gunzTarPerm extractEntry .npmignore
71 silly gunzTarPerm modified mode [ '.npmignore', 420, 438 ]
72 silly gunzTarPerm extractEntry README.md
73 silly gunzTarPerm modified mode [ 'README.md', 420, 438 ]
74 silly gunzTarPerm extractEntry LICENSE
75 silly gunzTarPerm modified mode [ 'LICENSE', 420, 438 ]
76 silly gunzTarPerm extractEntry bcrypt.js
77 silly gunzTarPerm modified mode [ 'bcrypt.js', 420, 438 ]
78 silly gunzTarPerm extractEntry Makefile
79 silly gunzTarPerm modified mode [ 'Makefile', 420, 438 ]
80 silly gunzTarPerm extractEntry .travis.yml
81 silly gunzTarPerm modified mode [ '.travis.yml', 420, 438 ]
82 silly gunzTarPerm extractEntry CHANGELOG.md
83 silly gunzTarPerm modified mode [ 'CHANGELOG.md', 420, 438 ]
84 silly gunzTarPerm extractEntry binding.gyp
85 silly gunzTarPerm modified mode [ 'binding.gyp', 420, 438 ]
86 silly gunzTarPerm extractEntry examples/async_compare.js
87 silly gunzTarPerm modified mode [ 'examples/async_compare.js', 420, 438 ]
88 silly gunzTarPerm extractEntry examples/forever_gen_salt.js
89 silly gunzTarPerm modified mode [ 'examples/forever_gen_salt.js', 420, 438 ]
90 silly gunzTarPerm extractEntry test/async.js
91 silly gunzTarPerm modified mode [ 'test/async.js', 420, 438 ]
92 silly gunzTarPerm extractEntry test/repetitions.js
93 silly gunzTarPerm modified mode [ 'test/repetitions.js', 420, 438 ]
94 silly gunzTarPerm extractEntry test/sync.js
95 silly gunzTarPerm modified mode [ 'test/sync.js', 420, 438 ]
96 silly gunzTarPerm extractEntry src/bcrypt.cc
97 silly gunzTarPerm modified mode [ 'src/bcrypt.cc', 420, 438 ]
98 silly gunzTarPerm extractEntry src/bcrypt_node.cc
99 silly gunzTarPerm modified mode [ 'src/bcrypt_node.cc', 420, 438 ]
100 silly gunzTarPerm extractEntry src/blowfish.cc
101 silly gunzTarPerm modified mode [ 'src/blowfish.cc', 420, 438 ]
102 silly gunzTarPerm extractEntry src/node_blf.h
103 silly gunzTarPerm modified mode [ 'src/node_blf.h', 420, 438 ]
104 silly gunzTarPerm extractEntry werker.yml
105 silly gunzTarPerm modified mode [ 'werker.yml', 420, 438 ]
106 verbose write writing to C:\Users\Ecriyliz\Documents\GitHub\devMountain\dailyProjs\projects\precourse-tracker\node_modules\bcrypt\package.json
107 info preinstall bcrypt@0.8.6
108 verbose readDependencies loading dependencies from C:\Users\Ecriyliz\Documents\GitHub\devMountain\dailyProjs\projects\precourse-tracker\node_modules\bcrypt\package.json
109 silly prepareForInstallMany adding bindings@1.2.1 from bcrypt dependencies
110 silly prepareForInstallMany adding nan@2.2.1 from bcrypt dependencies
111 verbose readDependencies loading dependencies from C:\Users\Ecriyliz\Documents\GitHub\devMountain\dailyProjs\projects\precourse-tracker\node_modules\bcrypt\package.json
112 silly cache add args [ 'bindings@1.2.1', null ]
113 verbose cache add spec bindings@1.2.1
114 silly cache add parsed spec Result {
114 silly cache add   raw: 'bindings@1.2.1',
114 silly cache add   scope: null,
114 silly cache add   name: 'bindings',
114 silly cache add   rawSpec: '1.2.1',
114 silly cache add   spec: '1.2.1',
114 silly cache add   type: 'version' }
115 silly addNamed bindings@1.2.1
116 verbose addNamed "1.2.1" is a plain semver version for bindings
117 silly mapToRegistry name bindings
118 silly mapToRegistry using default registry
119 silly mapToRegistry registry https://registry.npmjs.org/
120 silly mapToRegistry uri https://registry.npmjs.org/bindings
121 verbose addNameVersion registry:https://registry.npmjs.org/bindings not in flight; fetching
122 silly cache add args [ 'nan@2.2.1', null ]
123 verbose cache add spec nan@2.2.1
124 silly cache add parsed spec Result {
124 silly cache add   raw: 'nan@2.2.1',
124 silly cache add   scope: null,
124 silly cache add   name: 'nan',
124 silly cache add   rawSpec: '2.2.1',
124 silly cache add   spec: '2.2.1',
124 silly cache add   type: 'version' }
125 silly addNamed nan@2.2.1
126 verbose addNamed "2.2.1" is a plain semver version for nan
127 silly mapToRegistry name nan
128 silly mapToRegistry using default registry
129 silly mapToRegistry registry https://registry.npmjs.org/
130 silly mapToRegistry uri https://registry.npmjs.org/nan
131 verbose addNameVersion registry:https://registry.npmjs.org/nan not in flight; fetching
132 verbose request uri https://registry.npmjs.org/bindings
133 verbose request no auth needed
134 info attempt registry request try #1 at 3:57:50 PM
135 verbose etag "1LLBF9OH58DLBEL4629U6032D"
136 http request GET https://registry.npmjs.org/bindings
137 verbose request uri https://registry.npmjs.org/nan
138 verbose request no auth needed
139 info attempt registry request try #1 at 3:57:50 PM
140 verbose etag "BAF0CH6FX7ZGID84VMUQ15OTR"
141 http request GET https://registry.npmjs.org/nan
142 http 304 https://registry.npmjs.org/bindings
143 verbose headers { date: 'Thu, 21 Apr 2016 21:57:51 GMT',
143 verbose headers   via: '1.1 varnish',
143 verbose headers   'cache-control': 'max-age=300',
143 verbose headers   etag: '"1LLBF9OH58DLBEL4629U6032D"',
143 verbose headers   age: '166',
143 verbose headers   connection: 'keep-alive',
143 verbose headers   'x-served-by': 'cache-ord1730-ORD',
143 verbose headers   'x-cache': 'HIT',
143 verbose headers   'x-cache-hits': '2',
143 verbose headers   'x-timer': 'S1461275871.100653,VS0,VE0',
143 verbose headers   vary: 'Accept-Encoding' }
144 silly get cb [ 304,
144 silly get   { date: 'Thu, 21 Apr 2016 21:57:51 GMT',
144 silly get     via: '1.1 varnish',
144 silly get     'cache-control': 'max-age=300',
144 silly get     etag: '"1LLBF9OH58DLBEL4629U6032D"',
144 silly get     age: '166',
144 silly get     connection: 'keep-alive',
144 silly get     'x-served-by': 'cache-ord1730-ORD',
144 silly get     'x-cache': 'HIT',
144 silly get     'x-cache-hits': '2',
144 silly get     'x-timer': 'S1461275871.100653,VS0,VE0',
144 silly get     vary: 'Accept-Encoding' } ]
145 verbose etag https://registry.npmjs.org/bindings from cache
146 verbose get saving bindings to C:\Users\Ecriyliz\AppData\Roaming\npm-cache\registry.npmjs.org\bindings\.cache.json
147 verbose correctMkdir C:\Users\Ecriyliz\AppData\Roaming\npm-cache correctMkdir not in flight; initializing
148 http 304 https://registry.npmjs.org/nan
149 verbose headers { date: 'Thu, 21 Apr 2016 21:57:51 GMT',
149 verbose headers   via: '1.1 varnish',
149 verbose headers   'cache-control': 'max-age=300',
149 verbose headers   etag: '"BAF0CH6FX7ZGID84VMUQ15OTR"',
149 verbose headers   age: '41',
149 verbose headers   connection: 'keep-alive',
149 verbose headers   'x-served-by': 'cache-ord1724-ORD',
149 verbose headers   'x-cache': 'HIT',
149 verbose headers   'x-cache-hits': '3',
149 verbose headers   'x-timer': 'S1461275871.108192,VS0,VE0',
149 verbose headers   vary: 'Accept-Encoding' }
150 silly get cb [ 304,
150 silly get   { date: 'Thu, 21 Apr 2016 21:57:51 GMT',
150 silly get     via: '1.1 varnish',
150 silly get     'cache-control': 'max-age=300',
150 silly get     etag: '"BAF0CH6FX7ZGID84VMUQ15OTR"',
150 silly get     age: '41',
150 silly get     connection: 'keep-alive',
150 silly get     'x-served-by': 'cache-ord1724-ORD',
150 silly get     'x-cache': 'HIT',
150 silly get     'x-cache-hits': '3',
150 silly get     'x-timer': 'S1461275871.108192,VS0,VE0',
150 silly get     vary: 'Accept-Encoding' } ]
151 verbose etag https://registry.npmjs.org/nan from cache
152 verbose get saving nan to C:\Users\Ecriyliz\AppData\Roaming\npm-cache\registry.npmjs.org\nan\.cache.json
153 verbose correctMkdir C:\Users\Ecriyliz\AppData\Roaming\npm-cache correctMkdir not in flight; initializing
154 silly cache afterAdd nan@2.2.1
155 verbose afterAdd C:\Users\Ecriyliz\AppData\Roaming\npm-cache\nan\2.2.1\package\package.json not in flight; writing
156 verbose correctMkdir C:\Users\Ecriyliz\AppData\Roaming\npm-cache correctMkdir not in flight; initializing
157 silly cache afterAdd bindings@1.2.1
158 verbose afterAdd C:\Users\Ecriyliz\AppData\Roaming\npm-cache\bindings\1.2.1\package\package.json not in flight; writing
159 verbose correctMkdir C:\Users\Ecriyliz\AppData\Roaming\npm-cache correctMkdir not in flight; initializing
160 verbose afterAdd C:\Users\Ecriyliz\AppData\Roaming\npm-cache\nan\2.2.1\package\package.json written
161 verbose afterAdd C:\Users\Ecriyliz\AppData\Roaming\npm-cache\bindings\1.2.1\package\package.json written
162 silly install resolved [ { name: 'nan',
162 silly install resolved     version: '2.2.1',
162 silly install resolved     description: 'Native Abstractions for Node.js: C++ header for Node 0.8 -> 4 compatibility',
162 silly install resolved     main: 'include_dirs.js',
162 silly install resolved     repository: { type: 'git', url: 'git://github.com/nodejs/nan.git' },
162 silly install resolved     scripts:
162 silly install resolved      { test: 'tap --gc test/js/*-test.js',
162 silly install resolved        'rebuild-tests': 'node-gyp rebuild --msvs_version=2013 --directory test',
162 silly install resolved        docs: 'doc/.build.sh' },
162 silly install resolved     contributors:
162 silly install resolved      [ [Object],
162 silly install resolved        [Object],
162 silly install resolved        [Object],
162 silly install resolved        [Object],
162 silly install resolved        [Object],
162 silly install resolved        [Object],
162 silly install resolved        [Object] ],
162 silly install resolved     devDependencies:
162 silly install resolved      { bindings: '~1.2.1',
162 silly install resolved        commander: '^2.8.1',
162 silly install resolved        glob: '^5.0.14',
162 silly install resolved        'node-gyp': '~3.0.1',
162 silly install resolved        tap: '~0.7.1',
162 silly install resolved        xtend: '~4.0.0' },
162 silly install resolved     license: 'MIT',
162 silly install resolved     bugs: { url: 'https://github.com/nodejs/nan/issues' },
162 silly install resolved     homepage: 'https://github.com/nodejs/nan#readme',
162 silly install resolved     _id: 'nan@2.2.1',
162 silly install resolved     _shasum: 'd68693f6b34bb41d66bc68b3a4f9defc79d7149b',
162 silly install resolved     _resolved: 'https://registry.npmjs.org/nan/-/nan-2.2.1.tgz',
162 silly install resolved     _from: 'nan@2.2.1',
162 silly install resolved     _npmVersion: '3.3.6',
162 silly install resolved     _nodeVersion: '5.0.0',
162 silly install resolved     _npmUser: { name: 'kkoopa', email: 'bbyholm@abo.fi' },
162 silly install resolved     dist:
162 silly install resolved      { shasum: 'd68693f6b34bb41d66bc68b3a4f9defc79d7149b',
162 silly install resolved        tarball: 'https://registry.npmjs.org/nan/-/nan-2.2.1.tgz' },
162 silly install resolved     maintainers: [ [Object], [Object] ],
162 silly install resolved     _npmOperationalInternal:
162 silly install resolved      { host: 'packages-12-west.internal.npmjs.com',
162 silly install resolved        tmp: 'tmp/nan-2.2.1.tgz_1459265439909_0.12396649201400578' },
162 silly install resolved     directories: {},
162 silly install resolved     readme: 'ERROR: No README data found!' },
162 silly install resolved   { name: 'bindings',
162 silly install resolved     description: 'Helper module for loading your native module\'s .node file',
162 silly install resolved     keywords: [ 'native', 'addon', 'bindings', 'gyp', 'waf', 'c', 'c++' ],
162 silly install resolved     version: '1.2.1',
162 silly install resolved     author:
162 silly install resolved      { name: 'Nathan Rajlich',
162 silly install resolved        email: 'nathan@tootallnate.net',
162 silly install resolved        url: 'http://tootallnate.net' },
162 silly install resolved     repository:
162 silly install resolved      { type: 'git',
162 silly install resolved        url: 'git://github.com/TooTallNate/node-bindings.git' },
162 silly install resolved     main: './bindings.js',
162 silly install resolved     bugs: { url: 'https://github.com/TooTallNate/node-bindings/issues' },
162 silly install resolved     homepage: 'https://github.com/TooTallNate/node-bindings',
162 silly install resolved     license: 'MIT',
162 silly install resolved     gitHead: 'e404152ee27f8478ccbc7122ee051246e8e5ec02',
162 silly install resolved     _id: 'bindings@1.2.1',
162 silly install resolved     scripts: {},
162 silly install resolved     _shasum: '14ad6113812d2d37d72e67b4cacb4bb726505f11',
162 silly install resolved     _from: 'bindings@1.2.1',
162 silly install resolved     _npmVersion: '1.4.14',
162 silly install resolved     _npmUser: { name: 'tootallnate', email: 'nathan@tootallnate.net' },
162 silly install resolved     maintainers: [ [Object], [Object] ],
162 silly install resolved     dist:
162 silly install resolved      { shasum: '14ad6113812d2d37d72e67b4cacb4bb726505f11',
162 silly install resolved        tarball: 'https://registry.npmjs.org/bindings/-/bindings-1.2.1.tgz' },
162 silly install resolved     directories: {},
162 silly install resolved     _resolved: 'https://registry.npmjs.org/bindings/-/bindings-1.2.1.tgz',
162 silly install resolved     readme: 'ERROR: No README data found!' } ]
163 info install nan@2.2.1 into C:\Users\Ecriyliz\Documents\GitHub\devMountain\dailyProjs\projects\precourse-tracker\node_modules\bcrypt
164 info install bindings@1.2.1 into C:\Users\Ecriyliz\Documents\GitHub\devMountain\dailyProjs\projects\precourse-tracker\node_modules\bcrypt
165 info installOne nan@2.2.1
166 verbose installOne of nan to C:\Users\Ecriyliz\Documents\GitHub\devMountain\dailyProjs\projects\precourse-tracker\node_modules\bcrypt not in flight; installing
167 verbose correctMkdir C:\Users\Ecriyliz\AppData\Roaming\npm-cache\_locks correctMkdir not in flight; initializing
168 info installOne bindings@1.2.1
169 verbose installOne of bindings to C:\Users\Ecriyliz\Documents\GitHub\devMountain\dailyProjs\projects\precourse-tracker\node_modules\bcrypt not in flight; installing
170 verbose correctMkdir C:\Users\Ecriyliz\AppData\Roaming\npm-cache\_locks correctMkdir not in flight; initializing
171 verbose lock using C:\Users\Ecriyliz\AppData\Roaming\npm-cache\_locks\nan-1402652455c33fd0.lock for C:\Users\Ecriyliz\Documents\GitHub\devMountain\dailyProjs\projects\precourse-tracker\node_modules\bcrypt\node_modules\nan
172 verbose lock using C:\Users\Ecriyliz\AppData\Roaming\npm-cache\_locks\bindings-9dafde8c26337d50.lock for C:\Users\Ecriyliz\Documents\GitHub\devMountain\dailyProjs\projects\precourse-tracker\node_modules\bcrypt\node_modules\bindings
173 silly install write writing nan 2.2.1 to C:\Users\Ecriyliz\Documents\GitHub\devMountain\dailyProjs\projects\precourse-tracker\node_modules\bcrypt\node_modules\nan
174 silly install write writing bindings 1.2.1 to C:\Users\Ecriyliz\Documents\GitHub\devMountain\dailyProjs\projects\precourse-tracker\node_modules\bcrypt\node_modules\bindings
175 verbose unbuild node_modules\bcrypt\node_modules\nan
176 verbose unbuild node_modules\bcrypt\node_modules\bindings
177 silly gentlyRm C:\Users\Ecriyliz\Documents\GitHub\devMountain\dailyProjs\projects\precourse-tracker\node_modules\bcrypt\node_modules\nan is being purged from base C:\Users\Ecriyliz\Documents\GitHub\devMountain\dailyProjs\projects\precourse-tracker
178 verbose gentlyRm don't care about contents; nuking C:\Users\Ecriyliz\Documents\GitHub\devMountain\dailyProjs\projects\precourse-tracker\node_modules\bcrypt\node_modules\nan
179 silly gentlyRm C:\Users\Ecriyliz\Documents\GitHub\devMountain\dailyProjs\projects\precourse-tracker\node_modules\bcrypt\node_modules\bindings is being purged from base C:\Users\Ecriyliz\Documents\GitHub\devMountain\dailyProjs\projects\precourse-tracker
180 verbose gentlyRm don't care about contents; nuking C:\Users\Ecriyliz\Documents\GitHub\devMountain\dailyProjs\projects\precourse-tracker\node_modules\bcrypt\node_modules\bindings
181 verbose tar unpack C:\Users\Ecriyliz\AppData\Roaming\npm-cache\nan\2.2.1\package.tgz
182 verbose tar unpacking to C:\Users\Ecriyliz\Documents\GitHub\devMountain\dailyProjs\projects\precourse-tracker\node_modules\bcrypt\node_modules\nan
183 silly gentlyRm C:\Users\Ecriyliz\Documents\GitHub\devMountain\dailyProjs\projects\precourse-tracker\node_modules\bcrypt\node_modules\nan is being purged
184 verbose gentlyRm don't care about contents; nuking C:\Users\Ecriyliz\Documents\GitHub\devMountain\dailyProjs\projects\precourse-tracker\node_modules\bcrypt\node_modules\nan
185 verbose tar unpack C:\Users\Ecriyliz\AppData\Roaming\npm-cache\bindings\1.2.1\package.tgz
186 verbose tar unpacking to C:\Users\Ecriyliz\Documents\GitHub\devMountain\dailyProjs\projects\precourse-tracker\node_modules\bcrypt\node_modules\bindings
187 silly gentlyRm C:\Users\Ecriyliz\Documents\GitHub\devMountain\dailyProjs\projects\precourse-tracker\node_modules\bcrypt\node_modules\bindings is being purged
188 verbose gentlyRm don't care about contents; nuking C:\Users\Ecriyliz\Documents\GitHub\devMountain\dailyProjs\projects\precourse-tracker\node_modules\bcrypt\node_modules\bindings
189 silly gunzTarPerm modes [ '777', '666' ]
190 silly gunzTarPerm modes [ '777', '666' ]
191 silly gunzTarPerm extractEntry package.json
192 silly gunzTarPerm modified mode [ 'package.json', 436, 438 ]
193 silly gunzTarPerm extractEntry package.json
194 silly gunzTarPerm modified mode [ 'package.json', 420, 438 ]
195 silly gunzTarPerm extractEntry include_dirs.js
196 silly gunzTarPerm modified mode [ 'include_dirs.js', 436, 438 ]
197 silly gunzTarPerm extractEntry nan_converters.h
198 silly gunzTarPerm modified mode [ 'nan_converters.h', 436, 438 ]
199 silly gunzTarPerm extractEntry README.md
200 silly gunzTarPerm modified mode [ 'README.md', 420, 438 ]
201 silly gunzTarPerm extractEntry bindings.js
202 silly gunzTarPerm modified mode [ 'bindings.js', 420, 438 ]
203 silly gunzTarPerm extractEntry LICENSE.md
204 silly gunzTarPerm modified mode [ 'LICENSE.md', 436, 438 ]
205 silly gunzTarPerm extractEntry .dntrc
206 silly gunzTarPerm modified mode [ '.dntrc', 436, 438 ]
207 silly gunzTarPerm extractEntry appveyor.yml
208 silly gunzTarPerm modified mode [ 'appveyor.yml', 436, 438 ]
209 silly gunzTarPerm extractEntry doc/new.md
210 silly gunzTarPerm modified mode [ 'doc/new.md', 436, 438 ]
211 silly gunzTarPerm extractEntry doc/.build.sh
212 silly gunzTarPerm modified mode [ 'doc/.build.sh', 509, 511 ]
213 silly gunzTarPerm extractEntry doc/buffers.md
214 silly gunzTarPerm modified mode [ 'doc/buffers.md', 436, 438 ]
215 silly gunzTarPerm extractEntry doc/callback.md
216 silly gunzTarPerm modified mode [ 'doc/callback.md', 436, 438 ]
217 verbose write writing to C:\Users\Ecriyliz\Documents\GitHub\devMountain\dailyProjs\projects\precourse-tracker\node_modules\bcrypt\node_modules\bindings\package.json
218 silly gunzTarPerm extractEntry doc/converters.md
219 silly gunzTarPerm modified mode [ 'doc/converters.md', 436, 438 ]
220 silly gunzTarPerm extractEntry doc/errors.md
221 silly gunzTarPerm modified mode [ 'doc/errors.md', 436, 438 ]
222 info preinstall bindings@1.2.1
223 verbose readDependencies loading dependencies from C:\Users\Ecriyliz\Documents\GitHub\devMountain\dailyProjs\projects\precourse-tracker\node_modules\bcrypt\node_modules\bindings\package.json
224 verbose readDependencies loading dependencies from C:\Users\Ecriyliz\Documents\GitHub\devMountain\dailyProjs\projects\precourse-tracker\node_modules\bcrypt\node_modules\bindings\package.json
225 silly gunzTarPerm extractEntry doc/maybe_types.md
226 silly gunzTarPerm modified mode [ 'doc/maybe_types.md', 436, 438 ]
227 silly gunzTarPerm extractEntry doc/methods.md
228 silly gunzTarPerm modified mode [ 'doc/methods.md', 436, 438 ]
229 silly install resolved []
230 verbose about to build C:\Users\Ecriyliz\Documents\GitHub\devMountain\dailyProjs\projects\precourse-tracker\node_modules\bcrypt\node_modules\bindings
231 info build C:\Users\Ecriyliz\Documents\GitHub\devMountain\dailyProjs\projects\precourse-tracker\node_modules\bcrypt\node_modules\bindings
232 info linkStuff bindings@1.2.1
233 silly linkStuff bindings@1.2.1 has C:\Users\Ecriyliz\Documents\GitHub\devMountain\dailyProjs\projects\precourse-tracker\node_modules\bcrypt\node_modules as its parent node_modules
234 verbose linkBins bindings@1.2.1
235 verbose linkMans bindings@1.2.1
236 verbose rebuildBundles bindings@1.2.1
237 silly gunzTarPerm extractEntry doc/asyncworker.md
238 silly gunzTarPerm modified mode [ 'doc/asyncworker.md', 436, 438 ]
239 silly gunzTarPerm extractEntry doc/node_misc.md
240 silly gunzTarPerm modified mode [ 'doc/node_misc.md', 436, 438 ]
241 info install bindings@1.2.1
242 info postinstall bindings@1.2.1
243 verbose unlock done using C:\Users\Ecriyliz\AppData\Roaming\npm-cache\_locks\bindings-9dafde8c26337d50.lock for C:\Users\Ecriyliz\Documents\GitHub\devMountain\dailyProjs\projects\precourse-tracker\node_modules\bcrypt\node_modules\bindings
244 silly gunzTarPerm extractEntry doc/object_wrappers.md
245 silly gunzTarPerm modified mode [ 'doc/object_wrappers.md', 436, 438 ]
246 silly gunzTarPerm extractEntry doc/persistent.md
247 silly gunzTarPerm modified mode [ 'doc/persistent.md', 436, 438 ]
248 silly gunzTarPerm extractEntry doc/scopes.md
249 silly gunzTarPerm modified mode [ 'doc/scopes.md', 436, 438 ]
250 silly gunzTarPerm extractEntry doc/script.md
251 silly gunzTarPerm modified mode [ 'doc/script.md', 436, 438 ]
252 silly gunzTarPerm extractEntry doc/string_bytes.md
253 silly gunzTarPerm modified mode [ 'doc/string_bytes.md', 436, 438 ]
254 silly gunzTarPerm extractEntry doc/v8_internals.md
255 silly gunzTarPerm modified mode [ 'doc/v8_internals.md', 436, 438 ]
256 silly gunzTarPerm extractEntry doc/v8_misc.md
257 silly gunzTarPerm modified mode [ 'doc/v8_misc.md', 436, 438 ]
258 silly gunzTarPerm extractEntry nan.h
259 silly gunzTarPerm modified mode [ 'nan.h', 436, 438 ]
260 silly gunzTarPerm extractEntry nan_callbacks.h
261 silly gunzTarPerm modified mode [ 'nan_callbacks.h', 436, 438 ]
262 silly gunzTarPerm extractEntry nan_callbacks_12_inl.h
263 silly gunzTarPerm modified mode [ 'nan_callbacks_12_inl.h', 436, 438 ]
264 silly gunzTarPerm extractEntry nan_callbacks_pre_12_inl.h
265 silly gunzTarPerm modified mode [ 'nan_callbacks_pre_12_inl.h', 436, 438 ]
266 silly gunzTarPerm extractEntry nan_converters_43_inl.h
267 silly gunzTarPerm modified mode [ 'nan_converters_43_inl.h', 436, 438 ]
268 silly gunzTarPerm extractEntry nan_converters_pre_43_inl.h
269 silly gunzTarPerm modified mode [ 'nan_converters_pre_43_inl.h', 436, 438 ]
270 silly gunzTarPerm extractEntry nan_implementation_12_inl.h
271 silly gunzTarPerm modified mode [ 'nan_implementation_12_inl.h', 436, 438 ]
272 silly gunzTarPerm extractEntry nan_implementation_pre_12_inl.h
273 silly gunzTarPerm modified mode [ 'nan_implementation_pre_12_inl.h', 436, 438 ]
274 silly gunzTarPerm extractEntry nan_maybe_43_inl.h
275 silly gunzTarPerm modified mode [ 'nan_maybe_43_inl.h', 436, 438 ]
276 silly gunzTarPerm extractEntry nan_maybe_pre_43_inl.h
277 silly gunzTarPerm modified mode [ 'nan_maybe_pre_43_inl.h', 436, 438 ]
278 silly gunzTarPerm extractEntry nan_new.h
279 silly gunzTarPerm modified mode [ 'nan_new.h', 436, 438 ]
280 silly gunzTarPerm extractEntry nan_object_wrap.h
281 silly gunzTarPerm modified mode [ 'nan_object_wrap.h', 436, 438 ]
282 silly gunzTarPerm extractEntry nan_persistent_12_inl.h
283 silly gunzTarPerm modified mode [ 'nan_persistent_12_inl.h', 436, 438 ]
284 silly gunzTarPerm extractEntry nan_persistent_pre_12_inl.h
285 silly gunzTarPerm modified mode [ 'nan_persistent_pre_12_inl.h', 436, 438 ]
286 silly gunzTarPerm extractEntry nan_string_bytes.h
287 silly gunzTarPerm modified mode [ 'nan_string_bytes.h', 436, 438 ]
288 silly gunzTarPerm extractEntry nan_typedarray_contents.h
289 silly gunzTarPerm modified mode [ 'nan_typedarray_contents.h', 436, 438 ]
290 silly gunzTarPerm extractEntry nan_weak.h
291 silly gunzTarPerm modified mode [ 'nan_weak.h', 436, 438 ]
292 silly gunzTarPerm extractEntry CHANGELOG.md
293 silly gunzTarPerm modified mode [ 'CHANGELOG.md', 436, 438 ]
294 silly gunzTarPerm extractEntry tools/package.json
295 silly gunzTarPerm modified mode [ 'tools/package.json', 436, 438 ]
296 silly gunzTarPerm extractEntry tools/README.md
297 silly gunzTarPerm modified mode [ 'tools/README.md', 436, 438 ]
298 silly gunzTarPerm extractEntry tools/1to2.js
299 silly gunzTarPerm modified mode [ 'tools/1to2.js', 509, 511 ]
300 verbose write writing to C:\Users\Ecriyliz\Documents\GitHub\devMountain\dailyProjs\projects\precourse-tracker\node_modules\bcrypt\node_modules\nan\package.json
301 info preinstall nan@2.2.1
302 verbose readDependencies loading dependencies from C:\Users\Ecriyliz\Documents\GitHub\devMountain\dailyProjs\projects\precourse-tracker\node_modules\bcrypt\node_modules\nan\package.json
303 verbose readDependencies loading dependencies from C:\Users\Ecriyliz\Documents\GitHub\devMountain\dailyProjs\projects\precourse-tracker\node_modules\bcrypt\node_modules\nan\package.json
304 silly install resolved []
305 verbose about to build C:\Users\Ecriyliz\Documents\GitHub\devMountain\dailyProjs\projects\precourse-tracker\node_modules\bcrypt\node_modules\nan
306 info build C:\Users\Ecriyliz\Documents\GitHub\devMountain\dailyProjs\projects\precourse-tracker\node_modules\bcrypt\node_modules\nan
307 info linkStuff nan@2.2.1
308 silly linkStuff nan@2.2.1 has C:\Users\Ecriyliz\Documents\GitHub\devMountain\dailyProjs\projects\precourse-tracker\node_modules\bcrypt\node_modules as its parent node_modules
309 verbose linkBins nan@2.2.1
310 verbose linkMans nan@2.2.1
311 verbose rebuildBundles nan@2.2.1
312 info install nan@2.2.1
313 info postinstall nan@2.2.1
314 verbose unlock done using C:\Users\Ecriyliz\AppData\Roaming\npm-cache\_locks\nan-1402652455c33fd0.lock for C:\Users\Ecriyliz\Documents\GitHub\devMountain\dailyProjs\projects\precourse-tracker\node_modules\bcrypt\node_modules\nan
315 verbose about to build C:\Users\Ecriyliz\Documents\GitHub\devMountain\dailyProjs\projects\precourse-tracker\node_modules\bcrypt
316 info build C:\Users\Ecriyliz\Documents\GitHub\devMountain\dailyProjs\projects\precourse-tracker\node_modules\bcrypt
317 info linkStuff bcrypt@0.8.6
318 silly linkStuff bcrypt@0.8.6 has C:\Users\Ecriyliz\Documents\GitHub\devMountain\dailyProjs\projects\precourse-tracker\node_modules as its parent node_modules
319 verbose linkBins bcrypt@0.8.6
320 verbose linkMans bcrypt@0.8.6
321 verbose rebuildBundles bcrypt@0.8.6
322 verbose rebuildBundles [ 'bindings', 'nan' ]
323 info install bcrypt@0.8.6
324 verbose unsafe-perm in lifecycle true
325 info bcrypt@0.8.6 Failed to exec install script
326 verbose unlock done using C:\Users\Ecriyliz\AppData\Roaming\npm-cache\_locks\bcrypt-e547ebc1279dd07b.lock for C:\Users\Ecriyliz\Documents\GitHub\devMountain\dailyProjs\projects\precourse-tracker\node_modules\bcrypt
327 verbose stack Error: bcrypt@0.8.6 install: `node-gyp rebuild`
327 verbose stack Exit status 1
327 verbose stack     at EventEmitter.<anonymous> (C:\Program Files\nodejs\node_modules\npm\lib\utils\lifecycle.js:214:16)
327 verbose stack     at emitTwo (events.js:87:13)
327 verbose stack     at EventEmitter.emit (events.js:172:7)
327 verbose stack     at ChildProcess.<anonymous> (C:\Program Files\nodejs\node_modules\npm\lib\utils\spawn.js:24:14)
327 verbose stack     at emitTwo (events.js:87:13)
327 verbose stack     at ChildProcess.emit (events.js:172:7)
327 verbose stack     at maybeClose (internal/child_process.js:827:16)
327 verbose stack     at Process.ChildProcess._handle.onexit (internal/child_process.js:211:5)
328 verbose pkgid bcrypt@0.8.6
329 verbose cwd C:\Users\Ecriyliz\Documents\GitHub\devMountain\dailyProjs\projects\precourse-tracker
330 error Windows_NT 10.0.10586
331 error argv "C:\\Program Files\\nodejs\\node.exe" "C:\\Program Files\\nodejs\\node_modules\\npm\\bin\\npm-cli.js" "install" "--save" "bcrypt"
332 error node v4.4.0
333 error npm  v2.14.20
334 error code ELIFECYCLE
335 error bcrypt@0.8.6 install: `node-gyp rebuild`
335 error Exit status 1
336 error Failed at the bcrypt@0.8.6 install script 'node-gyp rebuild'.
336 error This is most likely a problem with the bcrypt package,
336 error not with npm itself.
336 error Tell the author that this fails on your system:
336 error     node-gyp rebuild
336 error You can get information on how to open an issue for this project with:
336 error     npm bugs bcrypt
336 error Or if that isn't available, you can get their info via:
336 error
336 error     npm owner ls bcrypt
336 error There is likely additional logging output above.
337 verbose exit [ 1, true ]
338 verbose unbuild node_modules\bcrypt
339 info preuninstall bcrypt@0.8.6
340 info uninstall bcrypt@0.8.6
341 verbose unbuild rmStuff bcrypt@0.8.6 from C:\Users\Ecriyliz\Documents\GitHub\devMountain\dailyProjs\projects\precourse-tracker\node_modules
342 info postuninstall bcrypt@0.8.6
343 silly gentlyRm C:\Users\Ecriyliz\Documents\GitHub\devMountain\dailyProjs\projects\precourse-tracker\node_modules\bcrypt is being purged from base C:\Users\Ecriyliz\Documents\GitHub\devMountain\dailyProjs\projects\precourse-tracker
344 verbose gentlyRm don't care about contents; nuking C:\Users\Ecriyliz\Documents\GitHub\devMountain\dailyProjs\projects\precourse-tracker\node_modules\bcrypt
345 silly vacuum-fs purging C:\Users\Ecriyliz\Documents\GitHub\devMountain\dailyProjs\projects\precourse-tracker\node_modules\bcrypt
346 silly vacuum-fs quitting because other entries in C:\Users\Ecriyliz\Documents\GitHub\devMountain\dailyProjs\projects\precourse-tracker\node_modules
